# MetaData
# DO_RECORD_ROOT: true
# DO_RECORD_LHAND: true
# DO_RECORD_RHAND: true
# DO_RECORD_LFOOT: true
# DO_RECORD_RFOOT: true
# DO_RECORD_LHUMERUS: true
# DO_RECORD_RHUMERUS: true
# DO_RECORD_LFEMUR: true
# DO_RECORD_RFEMUR: true
# DO_RECORD_LOWERBACK: true
# DO_RECORD_THORAX: true
# DO_RECORD_LOWERNECK: true
# DO_RECORD_UPPERNECK: true
# 
# rotXs std: 0.016399143
# rotYs std: 0.011253042
# rotZs std: 0.016163107
# lhandRX_std: 0.005145772
# lhandRZ_std: 0.025080105
# lhandRX_std: 0.004784367
# lhandRZ_std: 0.017408421
# lfootRX_std: 0.059996385
# lfootRZ_std: 0.027077485
# rfootRX_std: 0.06635148
# rfootRZ_std: 0.019852336
# lhumerusRX_std: 0.0387088
# lhumerusRY_std: 0.021664072
# lhumerusRZ_std: 0.020092279
# rhumerusRX_std: 0.02769403
# rhumerusRY_std: 0.042041976
# rhumerusRZ_std: 0.026671227
# lhumerusRX_std: 0.057751223
# lhumerusRY_std: 0.015679624
# lhumerusRZ_std: 0.022389526
# rfemurRX_std: 0.06734171
# rfemurRY_std: 0.015608522
# rfemurRZ_std: 0.021341266
# lowerbackRX_std: 0.009081449
# lowerbackRY_std: 0.0049477564
# lowerbackRZ_std: 0.012894304
# thoraxRX_std: 0.012344588
# thoraxRY_std: 0.013476108
# thoraxRZ_std: 0.009867163
# lowerneckRX_std: 0.012344588
# lowerneckRY_std: 0.013476108
# lowerneckRZ_std: 0.009867163
# upperneckRX_std: 0.014224453
# upperneckRY_std: 0.0061874334
# upperneckRZ_std: 0.0059773657
# total_smooth_mean: 0.02219956565429183
# total_smooth_sd: 0.01748474899957111
