# MetaData
# DO_RECORD_ROOT: true
# DO_RECORD_LHAND: true
# DO_RECORD_RHAND: true
# DO_RECORD_LFOOT: true
# DO_RECORD_RFOOT: true
# DO_RECORD_LHUMERUS: true
# DO_RECORD_RHUMERUS: true
# DO_RECORD_LFEMUR: true
# DO_RECORD_RFEMUR: true
# DO_RECORD_LOWERBACK: true
# DO_RECORD_THORAX: true
# DO_RECORD_LOWERNECK: true
# DO_RECORD_UPPERNECK: true
# 
# rotXs std: 0.0
# rotYs std: 0.0
# rotZs std: 0.0
# lhandRX_std: 0.0
# lhandRZ_std: 0.0
# lhandRX_std: 0.0
# lhandRZ_std: 0.0
# lfootRX_std: 0.0
# lfootRZ_std: 0.0
# rfootRX_std: 0.0
# rfootRZ_std: 0.0
# lhumerusRX_std: 0.0
# lhumerusRY_std: 0.0
# lhumerusRZ_std: 0.0
# rhumerusRX_std: 0.0
# rhumerusRY_std: 0.0
# rhumerusRZ_std: 0.0
# lhumerusRX_std: 0.0
# lhumerusRY_std: 0.0
# lhumerusRZ_std: 0.0
# rfemurRX_std: 0.0
# rfemurRY_std: 0.0
# rfemurRZ_std: 0.0
# lowerbackRX_std: 0.0
# lowerbackRY_std: 0.0
# lowerbackRZ_std: 0.0
# thoraxRX_std: 0.0
# thoraxRY_std: 0.0
# thoraxRZ_std: 0.0
# lowerneckRX_std: 0.0
# lowerneckRY_std: 0.0
# lowerneckRZ_std: 0.0
# upperneckRX_std: 0.0
# upperneckRY_std: 0.0
# upperneckRZ_std: 0.0
# total_smooth_mean: 0.0
# total_smooth_sd: 0.0
