# MetaData
# BATCH_SIZE: 20
# RBM_EPOCH_LIMIT: 250
# CRBM_EPOCH_LIMIT: 100
# PLOT_EVERY: 2
# WITH_REGULARIZATION: true
# REGULARIZATION_CONSTANT: 1.0E-7
# WITH_SPARSITY: true
# SPARSITY_CONSTANT: 2.0E-9
# N_HIDDEN_UNIT_RBM: 30
# N_HIDDEN_UNIT_CRBM: 15
# FRAME_RATE: 30
# 
0 -244.35128860713823
2 -1252.5237335512131
4 -1388.8758400580718
6 -2336.662652365054
8 -5213.071527648487
10 -6323.5728794663255
12 -6956.034451890149
14 -7250.158987232911
16 -7923.7958998056
18 -7976.844153082587
20 -8218.226607789627
22 -7618.92531521507
24 -8456.767115623248
26 -7770.288174285575
28 -8105.836570223427
30 -8082.32316276161
32 -8287.066547631237
34 -8038.814013137082
36 -8036.081749571205
38 -8653.620865015133
40 -8309.196213258763
42 -8020.633720688953
44 -8049.625184486614
46 -8549.420122536956
48 -8216.119982999639
50 -7832.613780865462
52 -8081.0305864157435
54 -8137.554555844663
56 -8209.03438875205
58 -8363.637207777005
60 -8324.851105620162
62 -8489.387638564152
64 -8552.024114730055
66 -8487.512441560222
68 -8309.623638407153
70 -8403.405766890754
72 -8758.642677132084
74 -8646.556986310841
76 -8239.498950238412
78 -8211.389077155742
80 -8731.602986772876
82 -8498.394463880024
84 -8741.236008002443
86 -8526.83872482905
88 -8717.338215071046
90 -8424.198836878357
92 -8038.408439272714
94 -8145.617475678206
96 -8557.552301221593
98 -8628.858216614448
100 -8696.445714909267
102 -8753.863983787283
104 -8681.930265342797
106 -8751.33603612567
108 -8884.684314552425
110 -8562.650764322341
112 -8822.201662935018
114 -8912.885151584647
116 -8720.947358020814
118 -8507.848937840114
120 -8727.266945398318
122 -9273.039037896257
124 -8930.242582093417
126 -8593.216259150196
128 -8636.044194199238
130 -8873.433703133878
132 -9077.430660857477
134 -8995.712235191055
136 -8937.773393134972
138 -9200.825819796153
140 -9133.718998635215
142 -9043.171660834128
144 -9393.685888842956
146 -9263.860655241555
148 -9289.701547732313
150 -8944.833219499535
152 -9372.274985491096
154 -9155.184775970363
156 -9007.346720672651
158 -9571.749555815477
160 -9464.547477992915
162 -9225.08582738555
164 -9510.12638920221
166 -9546.12372602409
168 -9112.20203249053
170 -9442.623338406105
172 -9774.32790747084
174 -9362.443205663072
176 -9175.892491726949
178 -9454.426677368467
180 -9761.22384731387
182 -9439.235681991391
184 -9858.154971780212
186 -9305.3417636903
188 -9463.857954547428
190 -9731.575993609258
192 -9759.093269068484
194 -9575.843444318332
196 -9605.785552786336
198 -10019.3979913931
200 -9938.804852391522
202 -10076.05674853596
204 -10058.748346517732
206 -9699.561315204026
208 -9763.495665827899
210 -9886.384217691604
212 -10162.450887497063
214 -10216.931443726327
216 -9676.673047854407
218 -10373.864334561931
220 -9768.07562954606
222 -10039.729481805683
224 -10291.586428680925
226 -9966.857555081004
228 -10251.773052029768
230 -10037.195386870215
232 -10132.43003047493
234 -10170.21845777768
236 -10196.415905805175
238 -10164.686226387908
240 -10423.027067469522
242 -10170.137304829022
244 -10048.423649981241
246 -10038.434988770783
248 -10474.145257245644
# total_energy: -8725.314953593737
