# MetaData
# BATCH_SIZE: 20
# RBM_EPOCH_LIMIT: 250
# CRBM_EPOCH_LIMIT: 100
# PLOT_EVERY: 2
# WITH_REGULARIZATION: false
# REGULARIZATION_CONSTANT: 1.0E-7
# WITH_SPARSITY: false
# SPARSITY_CONSTANT: 2.0E-9
# N_HIDDEN_UNIT_RBM: 30
# N_HIDDEN_UNIT_CRBM: 15
# FRAME_RATE: 30
# 
0 -15.626252113815445
2 -3973.0921303260075
4 -4609.128026877964
6 -7315.448363673551
8 -8408.807773572218
10 -8716.679967094342
12 -8605.242493182976
14 -8839.005154897133
16 -8786.678399316856
18 -8585.993454506399
20 -8086.962548746353
22 -8141.867223396257
24 -8513.090151579081
26 -8855.445285658103
28 -7856.808830896559
30 -9007.39521757739
32 -7875.831461473494
34 -8652.85990413125
36 -8861.542066221436
38 -8564.318204422563
40 -8674.42569883003
42 -8139.382922552265
44 -8700.289229065489
46 -8536.642492672998
48 -8275.86984587836
50 -8545.333972426357
52 -8026.324933066907
54 -8806.290074308923
56 -8612.817717797536
58 -8504.07839831673
60 -7697.838218217697
62 -8395.957615580692
64 -8831.911897972197
66 -9362.261632796339
68 -9368.446583301247
70 -8308.67884223014
72 -8713.528466050975
74 -8757.529040071084
76 -8710.199592530733
78 -8966.823014575937
80 -9020.510322547278
82 -8872.921701426021
84 -8884.386765334883
86 -8368.24598623415
88 -8652.154275226123
90 -9118.622126113238
92 -8643.763876408593
94 -8693.109304986414
96 -9455.440601433886
98 -8799.638210432622
100 -8212.367131261897
102 -8920.750462143731
104 -8785.661532467468
106 -9131.925269112815
108 -8817.984331742702
110 -8953.414775100251
112 -9106.08260666198
114 -8638.844142648832
116 -8828.033425155909
118 -9523.643063979516
120 -8287.246604594158
122 -8272.437954030584
124 -8994.989384363766
126 -8667.85457336148
128 -8955.15731710807
130 -8908.536623494392
132 -8107.072590794986
134 -8998.266045936802
136 -8755.071354605829
138 -9166.404105403479
140 -8878.602513345802
142 -8475.838454947632
144 -8733.07000772807
146 -8527.04350873597
148 -8627.215788351801
150 -8997.013013858474
152 -8877.510481701978
154 -8148.252626655177
156 -8797.752555230594
158 -9216.36590998001
160 -8889.375089519948
162 -9197.761925242088
164 -9340.07831217788
166 -9101.389679796759
168 -9319.145829895615
170 -8575.864174052067
172 -9115.889290265428
174 -8851.159903881764
176 -9129.878578695534
178 -8922.906838696272
180 -9106.969800729274
182 -9179.418804312085
184 -9676.259322105821
186 -9161.255431642987
188 -9171.055770864992
190 -8929.73153354949
192 -8231.022961114815
194 -9436.845170065359
196 -8736.584827306462
198 -9270.328238954373
200 -8652.205651453069
202 -9398.351472870585
204 -8871.705530496996
206 -8982.393214239284
208 -8839.189670199485
210 -9016.817433025628
212 -9340.815400437594
214 -8831.26518121074
216 -9354.407624684989
218 -8909.638011312469
220 -8546.523386488665
222 -9265.346207536793
224 -9397.351066118257
226 -9681.087674598484
228 -8675.903232761155
230 -9116.506490116744
232 -9233.638115740623
234 -9544.543863067565
236 -9155.980525479416
238 -8524.423520121043
240 -9485.994800833727
242 -8992.382866000256
244 -8890.443652803668
246 -9203.57767517368
248 -9437.630307242709
# total_energy: -8677.733587835492
