# MetaData
# BATCH_SIZE: 20
# RBM_EPOCH_LIMIT: 250
# CRBM_EPOCH_LIMIT: 100
# PLOT_EVERY: 2
# WITH_REGULARIZATION: false
# REGULARIZATION_CONSTANT: 1.0E-7
# WITH_SPARSITY: false
# SPARSITY_CONSTANT: 2.0E-9
# N_HIDDEN_UNIT_RBM: 30
# N_HIDDEN_UNIT_CRBM: 15
# FRAME_RATE: 30
# 
0 -1958.5068402317463
2 -4059.2579092346577
4 -4071.0470391055546
6 -11029.29540077756
8 -17725.577485358615
10 -20015.0428326425
12 -20347.97801604679
14 -20766.40029314769
16 -21544.73895271921
18 -21579.75092973513
20 -22737.3673561486
22 -22791.575887068433
24 -23372.81135792376
26 -23256.364674057717
28 -23836.008744674804
30 -22447.29075823346
32 -24650.682594636335
34 -24430.561263685155
36 -25238.174181380436
38 -24966.508777722713
40 -26529.347878957276
42 -26017.082673652218
44 -26942.00760950246
46 -27419.36675842308
48 -27363.134343123653
50 -26731.964985969073
52 -28356.877178665465
54 -27352.923793200174
56 -28163.065565015237
58 -28701.451831189126
60 -28739.82114632636
62 -28438.500394335195
64 -29612.124404760852
66 -29641.53007001351
68 -30730.387467932596
70 -30227.70798003697
72 -30881.98260259261
74 -31479.40843374894
76 -32072.88435948845
78 -29893.95069141803
80 -32719.20248271047
82 -32462.50785180242
84 -32819.48388450723
86 -32810.073939905116
88 -32675.62272926338
90 -33725.41192782934
92 -33371.40030968899
94 -35096.581486621304
96 -34467.02127356403
98 -35025.58058275182
100 -34378.01499553121
102 -35469.7478416871
104 -35311.876709376156
106 -35413.21454938278
108 -35282.402160147954
110 -35102.72694102649
112 -35129.38853293362
114 -35490.01045669441
116 -35346.46281646622
118 -35628.164261389924
120 -35998.33021266279
122 -35975.41525263227
124 -36583.73947632645
126 -36925.83099762355
128 -37931.26511580822
130 -37675.41776034192
132 -36932.81269332292
134 -37187.86544678997
136 -38160.94339372847
138 -37721.41334306637
140 -38766.29411902932
142 -36956.908417584316
144 -38332.492619380515
146 -37886.17723304766
148 -38188.72760049143
150 -38438.715226589
152 -38468.30327930572
154 -38611.31704744452
156 -38768.29081095077
158 -38756.60506913346
160 -38654.733991629706
162 -39624.81525172464
164 -38389.05368751715
166 -39798.83999078238
168 -39222.70312613408
170 -38658.98351326298
172 -40968.26865326292
174 -39765.867994145134
176 -38956.88141208354
178 -40299.67312977321
180 -38660.236309745706
182 -39567.02533965925
184 -39106.266648926125
186 -40198.69866839979
188 -40627.306348645776
190 -39889.133807934166
192 -39834.950108540135
194 -40360.663424224476
196 -41080.40083147621
198 -39818.128833791285
200 -39261.12174350744
202 -40957.63644171937
204 -41916.322819083456
206 -41846.81773809988
208 -41747.58018559754
210 -41501.509266778
212 -41558.58093040273
214 -41364.12019520736
216 -41634.826336367136
218 -42213.51198034216
220 -41365.9811640623
222 -41676.255654383094
224 -41916.6897265086
226 -42447.90896345567
228 -41766.43203567571
230 -42550.87135760747
232 -42503.83450387046
234 -41755.97271132172
236 -41968.23864410388
238 -41481.70207609385
240 -42157.613016520234
242 -42628.355750384006
244 -41911.46027045672
246 -41987.14332119063
248 -42331.64455250688
# total_energy: -33888.37587814662
