# MetaData
# BATCH_SIZE: 20
# RBM_EPOCH_LIMIT: 250
# CRBM_EPOCH_LIMIT: 100
# PLOT_EVERY: 2
# WITH_REGULARIZATION: false
# REGULARIZATION_CONSTANT: 1.0E-7
# WITH_SPARSITY: false
# SPARSITY_CONSTANT: 2.0E-9
# N_HIDDEN_UNIT_RBM: 30
# N_HIDDEN_UNIT_CRBM: 15
# FRAME_RATE: 30
# 
0 -16.47737263408796
2 -3865.3476151517534
4 -4297.274269212186
6 -6865.558623222724
8 -7735.674265836268
10 -8246.206100617212
12 -8747.646201022751
14 -8389.354644335188
16 -8140.221644742577
18 -8433.060034252194
20 -8602.281088691643
22 -8614.563190703855
24 -8874.246304179422
26 -9010.83345857797
28 -8296.933105009493
30 -8560.44275397886
32 -8639.02117402668
34 -7648.281839562123
36 -8163.6064675289135
38 -8533.64074079521
40 -8546.581124561653
42 -9516.260816433733
44 -9050.343127135302
46 -8490.74171972809
48 -8817.047423909391
50 -8804.111626014961
52 -8601.276382614895
54 -8660.211180993836
56 -8438.369055670859
58 -8569.839425900753
60 -8226.437936759117
62 -8442.722762375659
64 -8707.040164702208
66 -8836.807697233962
68 -8959.38247001872
70 -8552.242679403396
72 -9197.128076423238
74 -8913.202405170745
76 -8915.277927282626
78 -8141.920588326896
80 -8876.367199599556
82 -8551.96387884848
84 -8976.498956578236
86 -9414.23457584372
88 -9673.940832782275
90 -9158.648138073144
92 -8696.56818010513
94 -8974.958714130416
96 -8902.333289926315
98 -8353.365472261372
100 -9388.81336071204
102 -8035.434208629281
104 -9220.020354308992
106 -9213.460544402737
108 -9225.17494484106
110 -9646.869900989972
112 -8772.579485833947
114 -8905.844318073821
116 -8687.502905725398
118 -9339.332346417252
120 -9504.8406720684
122 -8690.652183486061
124 -8755.147253154555
126 -8855.812859009673
128 -8721.312789595973
130 -9206.415322183937
132 -9359.705150461576
134 -9548.534444518065
136 -9025.443347469121
138 -9663.003692498036
140 -8905.669475938059
142 -8493.329675201105
144 -8148.455079073938
146 -8472.259284897702
148 -8662.7542031589
150 -8363.793959112241
152 -8741.242596043874
154 -8409.210142258038
156 -9074.408691208904
158 -9252.556044349469
160 -9209.677321910876
162 -9287.221445214316
164 -9588.32593518042
166 -8575.0603472083
168 -9045.207249398472
170 -8630.517384035253
172 -7623.772205357497
174 -7923.008235729392
176 -8452.198870571203
178 -8267.070196893914
180 -8167.958954997597
182 -9213.245687645278
184 -8707.245511067315
186 -9053.999626883096
188 -8760.253934583627
190 -9490.14954067838
192 -9018.348528926534
194 -9098.429587491906
196 -9690.952828740436
198 -8928.339404836479
200 -8704.790305380202
202 -9220.343785585404
204 -9297.817290977757
206 -9346.574281857464
208 -9086.738367492275
210 -8484.828090217512
212 -8579.38118126436
214 -9304.383165090563
216 -8745.667718888553
218 -8926.08476382559
220 -9094.044986565368
222 -8879.427250712279
224 -9229.755756420496
226 -8748.519846315674
228 -9741.010469377763
230 -8855.724288828747
232 -9132.506927849032
234 -9066.390784128027
236 -8773.76022095542
238 -8786.924194741348
240 -8233.696561928215
242 -9216.3367209369
244 -8673.470438496754
246 -9089.592363395317
248 -9450.34839758073
# total_energy: -8666.681399317391
