# MetaData
# BATCH_SIZE: 20
# RBM_EPOCH_LIMIT: 250
# CRBM_EPOCH_LIMIT: 100
# PLOT_EVERY: 2
# WITH_REGULARIZATION: false
# REGULARIZATION_CONSTANT: 1.0E-7
# WITH_SPARSITY: false
# SPARSITY_CONSTANT: 2.0E-9
# N_HIDDEN_UNIT_RBM: 30
# N_HIDDEN_UNIT_CRBM: 15
# FRAME_RATE: 30
# 
0 -228.57147214854072
2 -841.6717687583791
4 -815.4396906749417
6 -2671.2510988512277
8 -7744.8272408571465
10 -8971.597911290586
12 -9451.156406764861
14 -9777.362045522426
16 -10195.391408675576
18 -10319.101362083642
20 -10377.999209756877
22 -10770.391598603224
24 -10804.08729037602
26 -10640.768765773357
28 -10901.443302094269
30 -10765.224758868846
32 -11023.19048053796
34 -10908.08547500465
36 -10867.676453431444
38 -11102.95118197467
40 -11077.327937661725
42 -11086.88556184848
44 -11401.314808964804
46 -11508.855379544659
48 -11395.374269668882
50 -11452.828754277294
52 -11565.096602771766
54 -11512.592077054574
56 -11602.370392363146
58 -11594.848418194944
60 -11615.607209924043
62 -11731.304144819356
64 -11533.388327176468
66 -11567.724250886593
68 -11765.311910864877
70 -11895.26020258593
72 -12080.974834360699
74 -11727.364690423969
76 -11959.882449208171
78 -12066.1813473441
80 -11900.262462327362
82 -12013.67202078941
84 -12121.272265940504
86 -12218.910801189944
88 -12206.868583307567
90 -12074.128463646017
92 -12124.989875167137
94 -12294.65929875816
96 -12548.636970796864
98 -12387.28671175372
100 -12336.429271016259
102 -12306.212257331334
104 -12320.6558340052
106 -12483.631750029163
108 -12416.598166083122
110 -12521.743960623802
112 -12165.471915297305
114 -12482.115489249427
116 -12227.70944215983
118 -12683.485811122197
120 -12444.60560631272
122 -12666.436802505146
124 -12613.779817701123
126 -12663.56729221334
128 -12927.008699184218
130 -12548.384518505156
132 -12816.337744886765
134 -12689.058370658313
136 -12656.837511245649
138 -12897.13977470981
140 -12773.664345253956
142 -12860.309182130197
144 -12763.887209888508
146 -13012.386217594727
148 -13069.304484501134
150 -13126.667793800967
152 -12969.000341062605
154 -13205.963922507754
156 -13222.09212282479
158 -12759.123949590141
160 -13026.576879436107
162 -13037.45237592424
164 -13081.458171343287
166 -13227.290289813467
168 -13207.885843214552
170 -12975.958647220581
172 -13131.701376171231
174 -13352.961645494348
176 -12982.45788510839
178 -13421.17343827228
180 -13205.080248352078
182 -13411.841131000785
184 -13526.119140292732
186 -13416.137964543845
188 -13613.116331229576
190 -13650.11483767473
192 -13742.110090923163
194 -13631.082542527507
196 -13698.937177700112
198 -13612.138676928476
200 -13679.36236406608
202 -13931.25937180877
204 -13584.51705613028
206 -13650.270465091828
208 -13633.480065608006
210 -13503.496404191064
212 -13848.391454748235
214 -13868.04516641765
216 -13665.263619087726
218 -13828.369016317614
220 -13871.177800037425
222 -14094.616122743504
224 -14007.750060640798
226 -14311.39907303478
228 -14255.198979005903
230 -13860.18386689711
232 -13949.54339390411
234 -14101.806982981341
236 -14000.018599643983
238 -14071.696998498992
240 -14147.657390732813
242 -14039.569393506748
244 -14116.90604681988
246 -14382.435503860115
248 -14402.126035413638
# total_energy: -12156.760923792195
