# MetaData
# BATCH_SIZE: 20
# RBM_EPOCH_LIMIT: 250
# CRBM_EPOCH_LIMIT: 100
# PLOT_EVERY: 2
# WITH_REGULARIZATION: false
# REGULARIZATION_CONSTANT: 1.0E-7
# WITH_SPARSITY: false
# SPARSITY_CONSTANT: 2.0E-9
# N_HIDDEN_UNIT_RBM: 30
# N_HIDDEN_UNIT_CRBM: 15
# FRAME_RATE: 30
# 
0 -64.42669386722609
2 -283.9213027603575
4 -353.6015784426454
6 -488.3828295105359
8 -3347.988005974899
10 -4218.738610375988
12 -4898.985689900578
14 -5363.424123878591
16 -5448.552310518266
18 -5877.574698115988
20 -6003.521346224333
22 -6100.457153388257
24 -5905.1820155093965
26 -5933.682494517252
28 -6170.18347222603
30 -6293.517648140353
32 -6211.172040348197
34 -6273.379189846375
36 -6024.6152862874815
38 -6332.496745044039
40 -6410.7746958212065
42 -6361.328202294655
44 -6321.973504795739
46 -6543.675088529872
48 -6361.562584511807
50 -6593.523441877403
52 -6703.838723678533
54 -6568.998399743173
56 -6734.222273883036
58 -6705.193108696369
60 -6711.081383829967
62 -6690.950071483709
64 -6902.2228770579
66 -6615.709638764372
68 -6830.818886045069
70 -6793.810906733528
72 -6713.653241869782
74 -6722.293660705532
76 -6872.6683409524385
78 -6741.6439875307715
80 -6842.327906799348
82 -7184.229185269201
84 -7031.525267842991
86 -7104.4367265260025
88 -6989.053550829844
90 -6943.606524885364
92 -7246.603558939934
94 -7141.065177605883
96 -7187.2544496456585
98 -7087.412521495171
100 -7125.757675100333
102 -7360.6936441561575
104 -7312.206988615083
106 -7183.663230560931
108 -7208.274782587207
110 -7484.423835585367
112 -7464.160246089553
114 -7314.696920227877
116 -7332.7171882828
118 -7205.648368708648
120 -7560.719330952629
122 -7338.801338789948
124 -7434.452446337173
126 -7333.250279733993
128 -7536.035315564628
130 -7542.954847135408
132 -7617.565362769014
134 -7623.107102828774
136 -7612.3049193565785
138 -7634.169816776602
140 -7678.936958650487
142 -7791.501874073576
144 -7881.833986556541
146 -7749.3446336146635
148 -7855.0271717662745
150 -7845.424946375806
152 -7785.856685237775
154 -7824.65863252911
156 -7979.921436997886
158 -7908.713893933338
160 -7967.770892888464
162 -7858.38821116748
164 -7749.3594121315755
166 -7996.392594112509
168 -7828.707665635826
170 -7987.337420434909
172 -8091.9697887660395
174 -7984.339810078141
176 -8114.513331447937
178 -8167.32448950017
180 -8265.629333502487
182 -8426.192863962848
184 -8144.687135828611
186 -8175.413140957882
188 -8117.4282917695355
190 -8096.540607683963
192 -8326.617168336787
194 -8210.793222037943
196 -8399.335624837897
198 -8372.116819279441
200 -8267.144564416729
202 -8426.439307057546
204 -8388.392043087368
206 -8434.15189027394
208 -8535.69771957341
210 -8508.915533646672
212 -8639.758084476083
214 -8442.95231276508
216 -8649.144397429287
218 -8388.005135916492
220 -8657.370884297448
222 -8671.608832330801
224 -8660.59643931967
226 -8696.411968591246
228 -8819.473392206124
230 -8787.975773096814
232 -8681.378126976202
234 -8732.999504606492
236 -8941.694829920021
238 -8967.897031169343
240 -8987.748097744954
242 -9086.758814817866
244 -8855.160171425665
246 -9010.033367619248
248 -8916.73344280374
# total_energy: -7209.707075786751
