# MetaData
# BATCH_SIZE: 20
# RBM_EPOCH_LIMIT: 250
# CRBM_EPOCH_LIMIT: 100
# PLOT_EVERY: 2
# WITH_REGULARIZATION: false
# REGULARIZATION_CONSTANT: 1.0E-7
# WITH_SPARSITY: false
# SPARSITY_CONSTANT: 2.0E-9
# N_HIDDEN_UNIT_RBM: 30
# N_HIDDEN_UNIT_CRBM: 15
# FRAME_RATE: 30
# 
0 -256.63883796608707
2 -843.3580266729479
4 -825.0037417202692
6 -3069.8002519130246
8 -7613.876436281944
10 -8434.17586314034
12 -9301.308513221837
14 -9616.541856983964
16 -9837.540333524259
18 -10152.53002898204
20 -10059.644420381468
22 -10384.657363909166
24 -10410.993237008282
26 -10434.543254605145
28 -10608.31817821082
30 -10680.319837286097
32 -10499.324325553183
34 -10568.29753776531
36 -10750.780032146458
38 -10753.383318214246
40 -10760.46365526575
42 -10872.04081054185
44 -11043.014005075629
46 -11012.239446116175
48 -11102.352890352047
50 -11372.723286913126
52 -11253.233426864788
54 -11010.488661433385
56 -11293.899940563913
58 -11318.120694094136
60 -11325.999789779202
62 -11182.813380508826
64 -11497.20560494465
66 -11589.623589261246
68 -11393.359708910337
70 -11617.139468619042
72 -11478.322057531863
74 -11902.53343772369
76 -11621.527648652462
78 -11528.27202047001
80 -11623.844633935507
82 -11654.629777286538
84 -11649.666559945546
86 -11783.32224184355
88 -12022.467659259795
90 -11702.233732861405
92 -11798.994876800052
94 -12054.283578176204
96 -11859.279736613424
98 -12256.283888001191
100 -12273.745676312277
102 -12152.599106553791
104 -12263.773126201902
106 -12283.621625600817
108 -12068.876778195983
110 -12496.389200835825
112 -12598.619401314874
114 -12511.742284246746
116 -12341.611283926142
118 -12649.021689919622
120 -12958.019691888161
122 -12582.646251281703
124 -12989.039843079301
126 -12957.964449860083
128 -12812.387820014259
130 -12901.381886688227
132 -12902.840505301707
134 -13043.412996823536
136 -12942.756988576797
138 -13057.053853171876
140 -13087.638267527414
142 -13244.821117204117
144 -13648.351992732147
146 -13367.559147842994
148 -13280.302182822941
150 -13541.20176163864
152 -13671.270004466944
154 -13727.99889835294
156 -13767.133326913872
158 -13779.825447288975
160 -13723.71361782734
162 -14092.981476678016
164 -13769.159999842184
166 -13715.584865041496
168 -14028.501463356677
170 -14207.352764152056
172 -14146.668275167673
174 -14077.34265368418
176 -13919.112420473735
178 -14116.257575658212
180 -13991.471259733136
182 -14380.989702508637
184 -14210.956005434178
186 -14504.047667729643
188 -14470.092417595391
190 -14390.1596020823
192 -14324.331948368905
194 -14304.05524593549
196 -14346.2552098248
198 -14562.929443792289
200 -14360.23903886629
202 -14517.84901396324
204 -14869.622690804481
206 -14672.18934393368
208 -14707.989944438077
210 -14666.903278277341
212 -15009.58108017583
214 -14649.61262720688
216 -14977.694879833227
218 -14683.61442783412
220 -14980.089978145816
222 -15352.298790693878
224 -14738.376100774527
226 -14973.4169674429
228 -14850.087704284533
230 -14987.804482075177
232 -14812.0568567287
234 -14913.435132975197
236 -14977.66180748206
238 -15061.133518258319
240 -15204.890935770021
242 -15388.46286622764
244 -15102.110558400855
246 -15244.112287334547
248 -15233.4605650252
# total_energy: -12430.413445618045
