# MetaData
# BATCH_SIZE: 20
# RBM_EPOCH_LIMIT: 250
# CRBM_EPOCH_LIMIT: 100
# PLOT_EVERY: 2
# WITH_REGULARIZATION: false
# REGULARIZATION_CONSTANT: 1.0E-7
# WITH_SPARSITY: false
# SPARSITY_CONSTANT: 2.0E-9
# N_HIDDEN_UNIT_RBM: 30
# N_HIDDEN_UNIT_CRBM: 15
# FRAME_RATE: 30
# 
0 -230.56568493580414
2 -806.6701173625545
4 -832.9970230504458
6 -2678.438446652395
8 -7570.215410485306
10 -8907.002447142644
12 -9529.94536917796
14 -9754.537299836475
16 -9990.400733342081
18 -9984.354908724663
20 -10171.093954660535
22 -10095.253374123733
24 -10562.94065500738
26 -10507.870064221745
28 -10421.071110907864
30 -10575.539813061585
32 -10646.815747467093
34 -10398.757467157031
36 -10818.711133047798
38 -10584.755935931551
40 -10766.670623376278
42 -10951.990655906642
44 -10940.725702910617
46 -10888.481555856994
48 -11259.323663467325
50 -11090.464082921339
52 -11291.593228235775
54 -11229.465138040363
56 -11371.999930901551
58 -11125.262595140784
60 -11314.159754426664
62 -11286.498937042945
64 -11741.066157847055
66 -11613.39593825215
68 -11678.560150773477
70 -11606.738663541535
72 -12087.332011736013
74 -11648.168398008724
76 -11766.85103911563
78 -11919.19410107055
80 -11968.259452802582
82 -12220.539763833582
84 -12147.12979070698
86 -12110.431651662791
88 -12328.313865566173
90 -11997.770002732708
92 -12333.93401125669
94 -12429.42001117585
96 -12319.591799349771
98 -12526.531065320512
100 -12504.714570777141
102 -12796.451319559897
104 -12533.321135318889
106 -12888.663292095282
108 -12701.750118558926
110 -12801.355767979765
112 -12885.14134799347
114 -13135.80572895532
116 -12882.177333242482
118 -12964.807606663726
120 -12844.383630832896
122 -13134.657099970114
124 -13369.485552773196
126 -13349.004726389488
128 -13415.48756573506
130 -13062.03306439983
132 -13290.813319983235
134 -13434.783607286656
136 -13604.815441289202
138 -13615.730815339259
140 -13528.81610951618
142 -13629.654366285387
144 -13879.319709010279
146 -13981.27176939255
148 -13833.200871485185
150 -13515.428270737682
152 -13912.287305017793
154 -13489.322731848442
156 -13705.095553123156
158 -13990.540008994172
160 -14084.434664171586
162 -13861.133401123112
164 -14164.001198979697
166 -14069.640576918508
168 -14111.364540865823
170 -14109.44369405984
172 -14172.72717556043
174 -14363.421424972425
176 -14267.799711872678
178 -14102.94193959675
180 -14191.14188565606
182 -14339.640881021822
184 -14584.052579151694
186 -14557.962269406498
188 -14607.67233395779
190 -14514.213199895497
192 -14547.83741708176
194 -14463.23169624842
196 -14609.5383123239
198 -14433.765888174677
200 -14621.100295866594
202 -14826.048877993191
204 -14783.918451921603
206 -14689.289462186991
208 -14987.80623793797
210 -14928.341627334534
212 -14887.614574165995
214 -14907.242667980663
216 -15004.454096722922
218 -15023.684453042055
220 -14893.865965048575
222 -15111.156605236127
224 -15060.456365038257
226 -15274.035939869924
228 -15298.495683403606
230 -15293.226742162095
232 -15310.325879020018
234 -15310.222544559574
236 -15218.817859417042
238 -15408.608215354048
240 -15211.858666331014
242 -15466.062100327428
244 -15443.066285989484
246 -15555.561334575854
248 -15381.25720641621
# total_energy: -12622.084824870177
