# MetaData
# BATCH_SIZE: 20
# RBM_EPOCH_LIMIT: 250
# CRBM_EPOCH_LIMIT: 100
# PLOT_EVERY: 2
# WITH_REGULARIZATION: false
# REGULARIZATION_CONSTANT: 1.0E-7
# WITH_SPARSITY: false
# SPARSITY_CONSTANT: 2.0E-9
# N_HIDDEN_UNIT_RBM: 30
# N_HIDDEN_UNIT_CRBM: 15
# FRAME_RATE: 30
# 
0 -3110.3964328219768
2 -5956.563126935908
4 -8268.316785357674
6 -16389.490068942614
8 -20401.384226319624
10 -23053.687790094373
12 -23981.718027304185
14 -26302.977735926703
16 -24104.19603084953
18 -26748.220399498045
20 -25660.15663433205
22 -26522.887808628217
24 -27616.625758513677
26 -25048.50280806265
28 -28903.468975187472
30 -30311.748806846328
32 -27290.253598458672
34 -26936.586920866375
36 -27757.532753552685
38 -27397.576214281966
40 -28482.688475604795
42 -29922.349970468462
44 -31213.749177217174
46 -29196.3568785993
48 -29031.749861366072
50 -29829.610458125437
52 -28781.302273570287
54 -28452.337509365312
56 -30058.012584638716
58 -31031.395199837854
60 -30557.014525459857
62 -30848.326894932074
64 -32107.815319061745
66 -29955.982072905037
68 -30432.487518646973
70 -33531.81481166427
72 -33205.46994774641
74 -31291.602017102254
76 -30114.262155558146
78 -31868.369948994932
80 -32645.217051747448
82 -32582.490780152984
84 -32281.50302628422
86 -32167.437367340124
88 -33630.805083915126
90 -32584.056243573632
92 -33215.83515938607
94 -33857.21508706302
96 -34288.02884695292
98 -33633.17711395008
100 -34546.620387581796
102 -33615.38346749705
104 -34363.15359708547
106 -35446.86440584898
108 -34642.8824165496
110 -34031.41142691803
112 -35242.99248232144
114 -34631.28553928756
116 -34776.04964427104
118 -34562.68062253742
120 -35704.44592270297
122 -33902.76723584545
124 -35458.020982156886
126 -36247.22083236121
128 -36578.9869899661
130 -35456.327149756056
132 -35097.84107708372
134 -34937.779933776976
136 -36963.38524236615
138 -35056.607102438094
140 -35718.476783909755
142 -36533.03650671762
144 -37902.83695554709
146 -37280.888981341894
148 -36511.68195999685
150 -35782.37709926485
152 -36254.365963427954
154 -36617.524264539265
156 -36315.235754648784
158 -36450.135319563
160 -37165.19191074489
162 -36881.68224905942
164 -38646.48167513196
166 -38829.594261277634
168 -38215.40418904901
170 -37469.762761302445
172 -38442.415287598
174 -39001.42716655665
176 -37360.77583562327
178 -38148.37326322042
180 -37360.53830964503
182 -37875.70563841505
184 -39787.214540253284
186 -38290.615625665036
188 -38361.984651314466
190 -39417.12937736027
192 -39389.57540781832
194 -37581.89974306762
196 -40395.2055944205
198 -39241.15467439685
200 -39365.039422021815
202 -39653.34589450059
204 -39431.00915437297
206 -39270.229040936814
208 -39441.77432701507
210 -38810.930732230234
212 -39862.010827372964
214 -40125.182726522005
216 -40816.088272735054
218 -40421.99102179044
220 -39491.752600348045
222 -39408.1030791579
224 -41715.596769436
226 -41851.38819208198
228 -39397.81723304868
230 -40132.98544045859
232 -41972.6753102191
234 -42037.65584219692
236 -39963.15128960952
238 -39969.47692011777
240 -38773.140250123855
242 -40396.9355236876
244 -39381.431350092345
246 -39795.81225396159
248 -41336.29697658789
# total_energy: -33838.99178339093
