# MetaData
# BATCH_SIZE: 20
# RBM_EPOCH_LIMIT: 250
# CRBM_EPOCH_LIMIT: 100
# PLOT_EVERY: 2
# WITH_REGULARIZATION: false
# REGULARIZATION_CONSTANT: 1.0E-7
# WITH_SPARSITY: false
# SPARSITY_CONSTANT: 2.0E-9
# N_HIDDEN_UNIT_RBM: 30
# N_HIDDEN_UNIT_CRBM: 15
# FRAME_RATE: 30
# 
0 -111.16657651453217
2 -590.3319199505685
4 -697.5945625256259
6 -749.8388249737753
8 -3502.3648169973258
10 -4687.0953019546305
12 -4916.552933723445
14 -5051.224786541539
16 -5567.951813876684
18 -5641.587966387128
20 -5795.189885626268
22 -6012.059920629728
24 -6133.190693903674
26 -6139.993543132063
28 -6226.400293909287
30 -6227.85972418479
32 -6285.799273755991
34 -6480.582655620857
36 -6389.444010849685
38 -6460.545092553153
40 -6449.867631772476
42 -6642.053012239842
44 -6444.019511853562
46 -6540.588861950811
48 -6476.538893440951
50 -6709.621967227925
52 -6770.694814160322
54 -6780.1633922299625
56 -6922.43776291986
58 -6893.574411503411
60 -6750.746766523734
62 -6890.820719529523
64 -6984.044218002878
66 -7080.919097517889
68 -6944.041840762127
70 -6839.0423549034285
72 -7080.019497754056
74 -7025.850644053119
76 -7143.287581379184
78 -7026.2675867743355
80 -7118.1755881197505
82 -7145.241008744613
84 -7223.085958221804
86 -7068.735160993097
88 -7098.931344895574
90 -7279.7804981059
92 -7235.092508514672
94 -7219.782525395923
96 -7361.260104188788
98 -7469.480468426997
100 -7336.818385744412
102 -7453.37740591614
104 -7477.910367129919
106 -7451.899020881535
108 -7534.425277545803
110 -7563.043546729018
112 -7620.639381003352
114 -7682.902103506871
116 -7614.237274091895
118 -7731.994892326547
120 -7699.10525441785
122 -7630.175319047391
124 -7788.480897004387
126 -7818.922848888269
128 -7851.4354542374
130 -7837.475029610078
132 -8111.900723767312
134 -7865.0478687157665
136 -8011.593705242042
138 -8024.635125814887
140 -7896.020912446138
142 -7985.268367259523
144 -7926.142098185634
146 -8015.368166183689
148 -8142.675225046315
150 -8180.923354459094
152 -8179.9471226613505
154 -8054.98146292424
156 -8004.444187545816
158 -8205.40645126084
160 -8296.024239738985
162 -8184.990540887531
164 -8343.85130095567
166 -8035.060642406908
168 -8342.32348504401
170 -8606.512636339174
172 -8682.010589237087
174 -8359.247392505918
176 -8392.024928800132
178 -8380.668748273916
180 -8552.913042565408
182 -8401.209742627027
184 -8537.550853595045
186 -8361.821497033345
188 -8683.76201211384
190 -8665.707709744
192 -8565.600815499996
194 -8536.863298532413
196 -8717.61658035003
198 -8640.981725327983
200 -8514.103056300948
202 -8749.033920210255
204 -8679.053436652805
206 -8700.589277494764
208 -8682.949498659074
210 -8807.776773216807
212 -8609.900963436257
214 -8895.348243266431
216 -8875.96224303696
218 -8872.051276766266
220 -8895.149071996077
222 -8914.564811761174
224 -9013.367056238281
226 -8777.820683661785
228 -8918.411594414163
230 -8985.54031000324
232 -9087.077302846108
234 -9049.56245232854
236 -9158.546227217452
238 -9166.3439613094
240 -8941.419852889889
242 -8910.526057710058
244 -8972.010981854257
246 -8941.740413617876
248 -9076.362410858213
# total_energy: -7427.6807297490905
