# MetaData
# BATCH_SIZE: 20
# RBM_EPOCH_LIMIT: 250
# CRBM_EPOCH_LIMIT: 100
# PLOT_EVERY: 2
# WITH_REGULARIZATION: false
# REGULARIZATION_CONSTANT: 1.0E-7
# WITH_SPARSITY: false
# SPARSITY_CONSTANT: 2.0E-9
# N_HIDDEN_UNIT_RBM: 30
# N_HIDDEN_UNIT_CRBM: 15
# FRAME_RATE: 30
# 
0 -239.7741948351103
2 -828.861878544151
4 -883.76361732843
6 -3112.574033383534
8 -7583.06115407777
10 -8706.237127240938
12 -9419.886813059607
14 -9678.42590826755
16 -10055.00350889341
18 -10385.638823146886
20 -10210.638287711448
22 -10281.708394820369
24 -10585.069051486846
26 -10553.116645473146
28 -10634.810527748403
30 -10438.640304889195
32 -10715.342277792595
34 -10497.628014989017
36 -10938.610003785448
38 -10962.480361514883
40 -11147.95910859444
42 -11305.167403035084
44 -11031.35833159697
46 -11164.362975738888
48 -11217.103727997033
50 -11029.266094590872
52 -11324.140488185594
54 -11288.407892044532
56 -11583.335240392276
58 -11298.954649258823
60 -11413.13370748418
62 -11605.834285245695
64 -11631.944494701049
66 -11592.145038279346
68 -11692.107474684872
70 -11765.423002221454
72 -11957.451019475695
74 -11840.237955763138
76 -11804.140074491634
78 -11810.240329567265
80 -11945.31077865225
82 -12224.506854614085
84 -12087.946856175626
86 -12275.064970445937
88 -12253.288549445118
90 -11918.531067542453
92 -12190.478250134207
94 -12161.461132644004
96 -12307.377645101487
98 -12262.256090785228
100 -12466.308363122305
102 -12562.543680109338
104 -12510.604614711756
106 -12609.43064845246
108 -12637.940691605523
110 -12906.576059405528
112 -12834.806823662371
114 -12609.77324465687
116 -13101.586209855455
118 -12990.659190266113
120 -12974.65922040373
122 -13207.163926286177
124 -13235.949138189542
126 -13080.203939866607
128 -13357.54929604163
130 -13412.700792671652
132 -13285.663170561222
134 -13606.538160362836
136 -13229.895744085788
138 -13709.759095113839
140 -13693.514648662162
142 -13858.757797918408
144 -13723.97208034872
146 -13689.51846170734
148 -13963.974807714758
150 -13815.399503620123
152 -14030.540126350888
154 -13715.772553159648
156 -13784.579683400963
158 -14002.187897692529
160 -13901.134758195545
162 -14232.826552253207
164 -14258.506271727318
166 -14440.431693935641
168 -14228.493992079959
170 -14062.904681460612
172 -14380.299948338548
174 -14602.742121484225
176 -14658.628889998257
178 -14516.778786214554
180 -14650.080524731799
182 -14911.998590534691
184 -14808.505245412143
186 -14592.51432968781
188 -14998.027506795777
190 -14843.872934803594
192 -14968.098530847563
194 -15102.815767572762
196 -15149.462126684226
198 -15012.6933471969
200 -15008.210454907185
202 -15407.46623051236
204 -15224.14682981431
206 -15541.511689390323
208 -15219.449331296888
210 -15268.8284689494
212 -15275.677592105038
214 -15341.716771167681
216 -15569.718292412812
218 -15358.876189672545
220 -15846.487118352095
222 -15710.269595088483
224 -15800.574962576795
226 -15695.385394522771
228 -15784.806123079721
230 -15952.89959536603
232 -15726.221389618075
234 -15559.112033832866
236 -15927.740431434482
238 -15806.885468617762
240 -15936.453024504206
242 -15905.667675127293
244 -16022.145849818124
246 -16016.471460561956
248 -16478.070931488764
# total_energy: -12801.23476393646
