# MetaData
# BATCH_SIZE: 20
# RBM_EPOCH_LIMIT: 250
# CRBM_EPOCH_LIMIT: 100
# PLOT_EVERY: 2
# WITH_REGULARIZATION: false
# REGULARIZATION_CONSTANT: 1.0E-7
# WITH_SPARSITY: false
# SPARSITY_CONSTANT: 2.0E-9
# N_HIDDEN_UNIT_RBM: 30
# N_HIDDEN_UNIT_CRBM: 15
# FRAME_RATE: 30
# 
0 -68.5743566488213
2 -459.2241809380459
4 -556.6739196819789
6 -588.7470159421237
8 -3220.0892308010357
10 -4255.1229273887675
12 -4538.241664844903
14 -5033.479221019048
16 -5577.243169224505
18 -5550.825844625848
20 -5603.747328780733
22 -5415.245869462209
24 -5685.770685235106
26 -5606.544208747347
28 -5990.058727655802
30 -5782.244803631002
32 -5790.3522133900315
34 -6141.7551452772595
36 -5786.000860714259
38 -6001.395822908597
40 -5872.667674267728
42 -5911.439684102386
44 -5939.534127187881
46 -5996.827682331455
48 -6019.409995596231
50 -5952.889365473448
52 -6099.166809163872
54 -6119.067195367431
56 -6050.946591042118
58 -6172.983793437676
60 -6178.523113528489
62 -6286.165839959819
64 -6232.137931913828
66 -6500.2665662277
68 -6413.628961454075
70 -6474.563852914546
72 -6370.512326162617
74 -6472.065051090571
76 -6298.722233996847
78 -6499.811042334139
80 -6402.061516216069
82 -6420.870702500671
84 -6272.89521369748
86 -6562.145131806231
88 -6702.080293442422
90 -6745.92066639754
92 -6579.526068758362
94 -6606.022910164856
96 -6572.235493474171
98 -6709.481621468486
100 -6717.6844625552085
102 -6981.93685043806
104 -6660.273790000142
106 -6958.145718061054
108 -6826.779332686425
110 -6975.31190176419
112 -6907.809844136796
114 -6976.134827240311
116 -7114.605462820279
118 -6904.300978405843
120 -6939.762414695494
122 -7026.301853089227
124 -7115.14930055695
126 -7158.31566163586
128 -7173.984747659448
130 -7185.304094816679
132 -7061.652880458035
134 -7310.668009873965
136 -7201.387556828197
138 -7204.509835624917
140 -7428.104057055933
142 -7379.70086811293
144 -7513.33442382059
146 -7475.023049256354
148 -7229.448323214916
150 -7541.871492474713
152 -7784.699086440997
154 -7617.483208002325
156 -7532.544270299612
158 -7605.9566545115595
160 -7949.748903395176
162 -7682.050373160498
164 -7638.151715675716
166 -7854.109095000022
168 -7662.133360595279
170 -7966.977840024139
172 -7938.311076418499
174 -7938.719188661204
176 -7993.730100966063
178 -7853.694323618544
180 -7966.8337596128
182 -7949.246100800322
184 -7831.49560739771
186 -8020.125198446868
188 -7929.24884471741
190 -8139.182693424572
192 -8123.823946166157
194 -8075.317488326738
196 -8146.943823980011
198 -8051.408320132359
200 -7996.632311664151
202 -8253.080801970376
204 -8148.037623653345
206 -8313.147124078218
208 -8397.236089861513
210 -8309.49069686064
212 -8422.814725344357
214 -8334.22215179262
216 -8347.505601409881
218 -8642.518465386927
220 -8535.407560316036
222 -8514.78550601723
224 -8477.988524512379
226 -8585.809018600212
228 -8539.990332862924
230 -8779.731073526562
232 -8544.547785961844
234 -8746.395354061015
236 -8594.473511267637
238 -8495.778614318215
240 -8900.598461685007
242 -8754.635721434588
244 -8791.306472153188
246 -8758.555635854847
248 -8805.0601052281
# total_energy: -6914.360741114204
