# MetaData
# BATCH_SIZE: 20
# RBM_EPOCH_LIMIT: 250
# CRBM_EPOCH_LIMIT: 100
# PLOT_EVERY: 2
# WITH_REGULARIZATION: false
# REGULARIZATION_CONSTANT: 1.0E-7
# WITH_SPARSITY: false
# SPARSITY_CONSTANT: 2.0E-9
# N_HIDDEN_UNIT_RBM: 30
# N_HIDDEN_UNIT_CRBM: 15
# FRAME_RATE: 30
# 
0 -30.32044839491963
2 -4002.579322256453
4 -4972.678438579672
6 -7766.32616462245
8 -8527.82390101399
10 -7841.751416796213
12 -8182.251640890283
14 -9002.36878877745
16 -8318.604399402506
18 -8510.069928790832
20 -9675.070158556566
22 -8783.67940781192
24 -8452.197454657755
26 -8331.582990590685
28 -9114.238320645163
30 -9194.174764506322
32 -8519.973811783524
34 -8512.207537376155
36 -8418.052075103269
38 -8922.705895067082
40 -8113.17187933304
42 -8381.309202635699
44 -9119.561538549422
46 -8716.474761309715
48 -8907.225637273645
50 -8866.667187585495
52 -9007.149482392439
54 -8627.466245892598
56 -8725.090655056165
58 -7901.206231124214
60 -8938.186018071945
62 -8414.31165434573
64 -8806.31329184792
66 -8970.4683038058
68 -8525.055988312668
70 -9150.766922437082
72 -9288.33127569039
74 -9959.769792741608
76 -8897.657593131069
78 -9830.479779112113
80 -9216.690478330056
82 -9162.121226803976
84 -9209.000791568795
86 -9329.195306248603
88 -8842.144997959787
90 -8570.102287662392
92 -8548.729478468074
94 -9602.678113331172
96 -8853.87584558412
98 -9100.124819552044
100 -9104.343438115906
102 -8920.673665936718
104 -9549.596406020639
106 -9026.867858528536
108 -8809.34986082198
110 -8493.186923786752
112 -9477.059837781539
114 -8797.966165285756
116 -8729.179245375075
118 -9228.46401545471
120 -8867.2346664657
122 -8616.307167171597
124 -8928.467246127337
126 -8498.516572083525
128 -9939.75636152876
130 -8722.172563770431
132 -9070.455886522946
134 -9186.531782162838
136 -8642.232274567848
138 -8903.432291323448
140 -9468.64944185536
142 -8939.137884886024
144 -8958.57876415412
146 -9080.476358302365
148 -9146.380730343924
150 -9157.23727183943
152 -8704.43895800976
154 -8751.275145691645
156 -8756.931840002302
158 -8566.68467024333
160 -9167.389073069113
162 -9760.130345660282
164 -9764.282219077997
166 -9926.525677928026
168 -9764.784290414129
170 -9034.205867372366
172 -9833.298218593165
174 -8820.680464561883
176 -9316.994711414589
178 -9009.824859513896
180 -9653.172750507723
182 -8900.96448847115
184 -9266.752388779325
186 -8316.884415330986
188 -8881.501899809224
190 -9000.444160232895
192 -9150.406710073297
194 -9254.984773372393
196 -9102.591332404047
198 -9155.632559299058
200 -9219.60613428753
202 -8849.152620647918
204 -9294.562858356407
206 -8693.812998923308
208 -8523.908783535795
210 -8868.03495246225
212 -9218.077396977787
214 -9236.919309812281
216 -8662.101331334963
218 -9070.076649697374
220 -9698.026707042183
222 -8769.814819931047
224 -8836.74627278633
226 -9599.522762095023
228 -8739.090942945004
230 -9565.509321012207
232 -8897.47133140059
234 -8931.70531480711
236 -8861.023556424923
238 -8943.055737052655
240 -8108.7993930911225
242 -8406.939360904345
244 -8859.226602980913
246 -9334.776377230066
248 -9174.69534477261
# total_energy: -8809.16541625871
