# MetaData
# BATCH_SIZE: 20
# RBM_EPOCH_LIMIT: 250
# CRBM_EPOCH_LIMIT: 100
# PLOT_EVERY: 2
# WITH_REGULARIZATION: false
# REGULARIZATION_CONSTANT: 1.0E-7
# WITH_SPARSITY: false
# SPARSITY_CONSTANT: 2.0E-9
# N_HIDDEN_UNIT_RBM: 30
# N_HIDDEN_UNIT_CRBM: 15
# FRAME_RATE: 30
# 
0 -11.278469089472107
2 -3942.1060352976233
4 -5334.516671789275
6 -6707.648424852149
8 -8448.393465946301
10 -8216.800749507116
12 -8580.894785704706
14 -8441.289136893958
16 -9020.693267513769
18 -8426.139368449807
20 -8923.777127911371
22 -8625.937588591307
24 -8873.941852766082
26 -8665.925804910728
28 -8704.993002201629
30 -8767.037338303542
32 -8434.301358920735
34 -9039.53984394405
36 -8707.049748781277
38 -9244.985708773867
40 -8257.585733946094
42 -8281.895372330644
44 -9130.225644996883
46 -8353.457035608957
48 -8776.925392573712
50 -8385.41354316687
52 -8603.627721206069
54 -8914.795824233675
56 -8798.775104749422
58 -8345.98220636039
60 -8292.769873028237
62 -8900.16986321252
64 -9410.699084360998
66 -8713.11897076343
68 -8778.63536492373
70 -8602.282970370643
72 -9414.73760990146
74 -8792.23605625478
76 -8964.445274527257
78 -8750.229701966313
80 -8661.157861681077
82 -9287.350884060093
84 -8877.619723378366
86 -9164.600176641925
88 -8325.232571167187
90 -8916.872123262317
92 -8654.023974991722
94 -8898.923365554625
96 -8854.506995877904
98 -8846.328511813006
100 -8422.024723941136
102 -9598.840471715997
104 -9073.047951012031
106 -8734.366721374256
108 -8905.151450597343
110 -8884.846734022913
112 -8953.17657693891
114 -9032.246179901003
116 -9545.872739037308
118 -9573.254700206899
120 -9044.753102685367
122 -9408.461558020885
124 -9734.600049554838
126 -9014.847231867478
128 -8937.965473042668
130 -9137.441176346249
132 -8699.935480312202
134 -9794.047129524399
136 -8728.644803266901
138 -9491.403663178502
140 -9338.815349416738
142 -9200.854049170146
144 -9043.215247935817
146 -8349.277804294608
148 -8872.740372792548
150 -8739.070590122581
152 -8786.019078412857
154 -9517.618725115763
156 -9105.656588590577
158 -8455.944209405745
160 -9092.16026105138
162 -8687.633044952332
164 -9385.101172167766
166 -8953.092751973887
168 -8176.309293869505
170 -8934.606593675284
172 -8766.584359987814
174 -9276.850996056733
176 -9082.216295393844
178 -8452.074442236742
180 -8440.808205337178
182 -9017.269305656542
184 -9114.173514904402
186 -8364.458287107671
188 -8729.24207924303
190 -8328.33878161548
192 -8731.763140742098
194 -9499.141562954877
196 -8772.643022417316
198 -9330.487592533475
200 -9329.37227290527
202 -9290.54566915803
204 -9017.678871996102
206 -8575.795639465185
208 -8682.444138698753
210 -9296.318192344472
212 -9030.277730516591
214 -9079.00756237487
216 -9341.934000135107
218 -9304.176090980147
220 -9376.119931052532
222 -8845.961130334357
224 -8890.849751249567
226 -9714.610375192773
228 -8726.968924563715
230 -9194.396059647277
232 -9059.551877052814
234 -8787.224145933926
236 -7953.036183766704
238 -8950.00416251423
240 -8836.634840022896
242 -9066.837259675272
244 -8888.091298031542
246 -9233.081649586187
248 -9287.808753754456
# total_energy: -8744.71756346955
