# MetaData
# BATCH_SIZE: 20
# RBM_EPOCH_LIMIT: 250
# CRBM_EPOCH_LIMIT: 100
# PLOT_EVERY: 2
# WITH_REGULARIZATION: false
# REGULARIZATION_CONSTANT: 1.0E-7
# WITH_SPARSITY: false
# SPARSITY_CONSTANT: 2.0E-9
# N_HIDDEN_UNIT_RBM: 30
# N_HIDDEN_UNIT_CRBM: 15
# FRAME_RATE: 30
# 
0 -81.07747368193282
2 -465.69385867170126
4 -527.958581370895
6 -648.270199462079
8 -3518.5810407309987
10 -4250.326671072024
12 -4627.734082331481
14 -5089.376847039545
16 -5279.17222312991
18 -5310.20128806341
20 -5487.658477321209
22 -5665.942468302705
24 -5736.496233659218
26 -5706.873760908166
28 -5856.096790832669
30 -6154.597197700969
32 -6106.939471153068
34 -5784.011475112367
36 -6047.6585574584315
38 -6020.2917281867785
40 -5930.790072270171
42 -6001.692336401923
44 -6199.006642968494
46 -6040.451837582852
48 -5955.229430976085
50 -6009.238443997739
52 -6227.128415548354
54 -6394.529553221652
56 -6346.192098801657
58 -6260.552709580307
60 -6310.588582704387
62 -6457.101807747948
64 -6289.335700453822
66 -6422.806660260236
68 -6494.732702132961
70 -6258.5056044657995
72 -6360.114412446471
74 -6285.080174937498
76 -6393.525782188289
78 -6433.692273438532
80 -6397.455863412123
82 -6389.551578052584
84 -6576.748311695003
86 -6558.995473444624
88 -6551.8674170788045
90 -6560.697509889239
92 -6541.0932540500735
94 -6659.982490597652
96 -6627.353019554914
98 -6718.440913921075
100 -6571.975399963972
102 -6700.93261893514
104 -6794.026623724816
106 -6808.677080841831
108 -6786.267633571576
110 -6743.621499995224
112 -6725.487741479053
114 -6681.997785501787
116 -6814.614586141895
118 -6822.94650390594
120 -6865.752700803624
122 -6913.743370888445
124 -6952.365082970694
126 -6896.3379170492335
128 -6833.911626825782
130 -6911.828699888028
132 -6974.244972463979
134 -7041.554793539725
136 -7098.333150591345
138 -7060.188628407717
140 -7133.568339634246
142 -6835.23462877835
144 -7086.375688126983
146 -7035.893233742045
148 -7023.05188540704
150 -7237.417335733137
152 -7087.834765367821
154 -7167.382480765613
156 -7207.948112386758
158 -7352.135052763585
160 -7159.735849749512
162 -7033.451369737693
164 -7161.128005005971
166 -7294.274914891644
168 -7162.71146181773
170 -7112.480011037441
172 -7372.736116517788
174 -7289.572129388053
176 -7343.9699109701705
178 -7171.248625468897
180 -7264.535073071436
182 -7316.855676006904
184 -7294.061877574043
186 -7502.685780598275
188 -7430.436969188538
190 -7432.133881923062
192 -7379.404906396488
194 -7324.417427753054
196 -7440.288612238049
198 -7554.318057629272
200 -7638.874751211293
202 -7654.914565749987
204 -7504.0184854051795
206 -7520.077273609697
208 -7439.083054017046
210 -7630.0997042510835
212 -7534.490739201908
214 -7387.855924901008
216 -7653.060817964888
218 -7522.559195003952
220 -7443.770457629999
222 -7682.11135147957
224 -7673.1194481220255
226 -7586.892298645236
228 -7576.175387868753
230 -7602.711381315739
232 -7558.917187715186
234 -7694.4048345113015
236 -7430.781808092073
238 -7503.481140577767
240 -7614.180563927417
242 -7815.989883783882
244 -7502.808878531496
246 -7707.252307316078
248 -7775.986637014219
# total_energy: -6583.017233400136
