# MetaData
# BATCH_SIZE: 20
# RBM_EPOCH_LIMIT: 250
# CRBM_EPOCH_LIMIT: 100
# PLOT_EVERY: 2
# WITH_REGULARIZATION: false
# REGULARIZATION_CONSTANT: 1.0E-7
# WITH_SPARSITY: false
# SPARSITY_CONSTANT: 2.0E-9
# N_HIDDEN_UNIT_RBM: 30
# N_HIDDEN_UNIT_CRBM: 15
# FRAME_RATE: 30
# 
0 -28.695739893718255
2 -3629.4898718922004
4 -4957.223641338762
6 -7498.19782253808
8 -8276.80468108415
10 -8078.295463334909
12 -9313.328557197166
14 -8835.415801759216
16 -9089.679984196402
18 -8996.968414652538
20 -8525.925838317975
22 -8453.557397886852
24 -8861.409926545637
26 -8011.345426712814
28 -8405.135362824827
30 -9389.438079414651
32 -8625.954043484247
34 -9026.418586207097
36 -8885.044601192873
38 -8578.481789941272
40 -9289.50497899857
42 -8365.4524533865
44 -9231.834851421861
46 -9466.975500941924
48 -8859.322550295616
50 -8882.094785742984
52 -8869.403429142722
54 -8954.38509540023
56 -9152.2374485153
58 -8295.21647119453
60 -8434.9346767675
62 -8462.787665282098
64 -8422.011784370961
66 -8785.92329952336
68 -9609.782701161437
70 -8764.223127490752
72 -9531.896724616128
74 -9276.486877773741
76 -8779.885878220684
78 -8502.148213255483
80 -8858.264147260948
82 -8714.903887737108
84 -8881.437677780339
86 -8716.180566777439
88 -9153.863449064955
90 -9311.038761799657
92 -8721.01936404287
94 -9171.322088425353
96 -9226.981994133012
98 -8922.92744196135
100 -8487.323023212111
102 -8799.484142998359
104 -8968.43837176325
106 -8707.970989415313
108 -9541.434153981072
110 -9009.809646732478
112 -8434.95815710638
114 -9513.271040046777
116 -9756.49185618274
118 -9006.925504049716
120 -8461.122198209383
122 -8585.820552102925
124 -8654.515476681847
126 -8922.999475806067
128 -8987.090875430882
130 -8489.882378719529
132 -8640.871689821339
134 -8407.051846174278
136 -8588.893158792616
138 -8750.687474581726
140 -8708.612105670696
142 -9007.547519016747
144 -9018.51737506295
146 -8766.071838080728
148 -9163.903569521226
150 -8902.302502954875
152 -8794.287261210897
154 -8607.330252383665
156 -9327.603464368989
158 -9127.330958362305
160 -9333.874318309565
162 -9631.244719432158
164 -9219.6640955595
166 -9550.410180622805
168 -9122.951636507898
170 -8746.245681095505
172 -8783.429271746825
174 -8959.974729814401
176 -9004.369040058806
178 -8849.63784839728
180 -9492.88922543529
182 -9016.635185638243
184 -8880.762859260072
186 -9902.302968170676
188 -8926.926488194511
190 -9289.688375164824
192 -9107.252649460765
194 -9119.9414861471
196 -9111.964359822727
198 -9311.44898854358
200 -8774.442407319886
202 -9078.739781149723
204 -8838.369414650568
206 -8593.520898488836
208 -8874.11358522595
210 -8793.4038462034
212 -8418.585072151749
214 -9279.082837949552
216 -9473.503293505844
218 -8760.375100979412
220 -9225.431254762716
222 -9340.641766306502
224 -9080.792014184808
226 -8339.743177443848
228 -8956.546303373723
230 -8545.140968526639
232 -8831.002199288352
234 -8913.772321983051
236 -8879.450494089375
238 -9273.090037866305
240 -8848.859109955254
242 -8877.202285716878
244 -8564.224835229417
246 -8988.784532043139
248 -8597.881213275501
# total_energy: -8757.824965123165
