# MetaData
# BATCH_SIZE: 20
# RBM_EPOCH_LIMIT: 250
# CRBM_EPOCH_LIMIT: 100
# PLOT_EVERY: 2
# WITH_REGULARIZATION: false
# REGULARIZATION_CONSTANT: 1.0E-7
# WITH_SPARSITY: false
# SPARSITY_CONSTANT: 2.0E-9
# N_HIDDEN_UNIT_RBM: 30
# N_HIDDEN_UNIT_CRBM: 15
# FRAME_RATE: 30
# 
0 -1266.5075283170033
2 -2713.8992997501778
4 -2527.715905362054
6 -8027.173487652485
8 -14342.277829733397
10 -15522.566469116646
12 -17709.99375213002
14 -17242.358813707662
16 -18064.20842150064
18 -18100.202609642827
20 -18718.76686636628
22 -18259.75352153052
24 -19154.74768994282
26 -19728.913864216243
28 -18517.698254666833
30 -19379.34850385219
32 -20141.225536980586
34 -19580.070847545972
36 -20285.20756441589
38 -20500.03718143995
40 -20300.49337428259
42 -21165.993221451055
44 -21228.033815915434
46 -21650.380511842435
48 -21480.849908415308
50 -22503.375309920353
52 -22757.09056410878
54 -22348.227315050844
56 -23141.331911014553
58 -23274.31029869688
60 -22895.33535654538
62 -23824.798315610155
64 -24207.870757309935
66 -24582.407761451734
68 -24455.93098030987
70 -25353.738562062463
72 -24969.84953584892
74 -25869.475812186603
76 -26047.34893444532
78 -26103.244389060277
80 -25978.5250104735
82 -26051.02938969554
84 -25830.463894093984
86 -26721.85031236591
88 -27539.71386017312
90 -27530.61690536145
92 -26679.9045052786
94 -28285.178198965954
96 -27865.90326620841
98 -28377.717556331365
100 -27806.801864700337
102 -27753.22544601226
104 -28230.49185451173
106 -29299.82790392544
108 -28628.11219060883
110 -29401.70508345464
112 -30173.43262649867
114 -30282.93149588464
116 -30219.059564683223
118 -29942.32719507822
120 -29979.787952311115
122 -30314.156485328374
124 -30418.571144583737
126 -31594.49698805106
128 -30851.042732127782
130 -30695.358435005415
132 -31476.523305809227
134 -31096.564150721133
136 -31937.499669210407
138 -31437.32261318799
140 -31503.449072361866
142 -32524.227323033894
144 -33399.43707155252
146 -32086.23530050274
148 -32750.132632983805
150 -32625.15670986016
152 -32872.15299918857
154 -33133.313355339524
156 -33789.225587005945
158 -33343.59493949202
160 -33610.4896553817
162 -33427.52911886451
164 -33868.61449417814
166 -34174.86137542246
168 -34513.408752054456
170 -34035.47292788296
172 -33988.23050395688
174 -34649.632643020406
176 -33920.52866160637
178 -34169.72410066928
180 -34676.43928517108
182 -34617.146766916136
184 -35466.27841308159
186 -35326.04650834555
188 -35514.89055087393
190 -35561.435927398
192 -35275.9696051769
194 -35164.17125384993
196 -35452.95114872452
198 -35370.86692962943
200 -36065.54044486209
202 -35729.37318260056
204 -36808.643082205774
206 -36758.772216097495
208 -37046.43197260298
210 -36066.355625089214
212 -36598.39155118634
214 -35778.99001725296
216 -37613.81895141081
218 -36794.50485642089
220 -37751.129058105726
222 -36474.23885233994
224 -38153.41341646175
226 -37115.49425531037
228 -37624.424068413355
230 -37787.99530512593
232 -37105.3922848475
234 -37514.24427484122
236 -37583.830032631806
238 -38275.036623175874
240 -38066.57867484644
242 -38185.993278405316
244 -38219.38757214848
246 -38014.431058700786
248 -38458.89593894599
# total_energy: -28821.966579132764
