# MetaData
# BATCH_SIZE: 20
# RBM_EPOCH_LIMIT: 250
# CRBM_EPOCH_LIMIT: 50
# PLOT_EVERY: 2
# WITH_REGULARIZATION: false
# REGULARIZATION_CONSTANT: 1.0E-7
# WITH_SPARSITY: true
# SPARSITY_CONSTANT: 2.0E-9
# N_HIDDEN_UNIT_RBM: 30
# N_HIDDEN_UNIT_CRBM: 15
# FRAME_RATE: 30
# 
0 -5159.953439106113
2 -9388.523522278241
4 -9501.433956026516
6 -14221.74882865084
8 -19919.300735552384
10 -21364.738586076022
12 -22573.940153793203
14 -22831.361761974007
16 -22908.44312430783
18 -23243.271289821685
20 -25274.354644751904
22 -23450.771201010826
24 -24034.50513052649
26 -24501.25545162839
28 -22638.893708691216
30 -24176.127956169476
32 -26787.205093252385
34 -24858.368639603308
36 -25359.911056871882
38 -26915.460685194033
40 -25186.078805377507
42 -26258.412582888956
44 -25732.17030584227
46 -25908.27252162214
48 -26496.61449995003
50 -24609.440677482922
52 -25645.78280069501
54 -25714.80389773479
56 -27344.142122322188
58 -26079.691806568233
60 -26541.385492171972
62 -27136.43994348401
64 -27210.890093834198
66 -27507.765372002876
68 -27508.01625012953
70 -26542.42507017847
72 -28437.352297570775
74 -27228.09614216369
76 -27160.878104096162
78 -28142.185116425466
80 -27227.5331725097
82 -27382.690599878566
84 -28085.43827286116
86 -28116.841708356187
88 -27247.82275703498
90 -27777.508971352912
92 -28632.042883259368
94 -27620.89323797866
96 -27937.28933585982
98 -30158.393350369373
100 -28891.145523173684
102 -28964.481341273713
104 -28932.012130639298
106 -29024.310658866096
108 -29499.518639585793
110 -30040.129283389277
112 -30732.232514988023
114 -30147.216308557734
116 -30557.94695590053
118 -29507.291266973916
120 -30818.818461107185
122 -31625.067117487375
124 -30806.417510720046
126 -30892.125417841937
128 -32504.47829424073
130 -31334.469134767718
132 -30646.960726530164
134 -30156.55273187619
136 -31258.96529414827
138 -31450.219904654954
140 -32231.79322922721
142 -30525.165069013983
144 -31927.47926258703
146 -32508.277862648538
148 -31912.025374659836
150 -33894.17160734113
152 -31833.841329340365
154 -33131.76930986416
156 -31851.258676312198
158 -31439.984974071536
160 -33012.345265193166
162 -32350.837432978376
164 -33356.02635024318
166 -31906.154139377362
168 -33722.556814226846
170 -33122.20378727071
172 -34043.58394904501
174 -31890.796628820903
176 -31318.29313052676
178 -32633.908141574593
180 -33387.655842135784
182 -34141.02187355886
184 -33453.888535942664
186 -32513.20996184513
188 -34318.877251437625
190 -32218.094971500646
192 -34045.05209184746
194 -33685.40867919358
196 -33649.63109435777
198 -32326.475958736333
200 -33856.10610191871
202 -34695.372162586646
204 -34185.51848636685
206 -32878.12017635753
208 -33027.9423303345
210 -33820.19706651925
212 -34546.52049799919
214 -33942.06637586693
216 -34880.96693977537
218 -35316.556585565006
220 -35857.970118932004
222 -34497.512056127845
224 -35332.227157065274
226 -36342.11298902833
228 -34709.88956256791
230 -35155.511706216734
232 -34489.00624064648
234 -34576.52129175916
236 -35227.78441438391
238 -36491.67048390039
240 -36049.013875157536
242 -36430.2073616566
244 -35902.771097037345
246 -35864.80924125126
248 -36407.005368216436
# total_energy: -29570.499157249018
